# JRE version: Java(TM) SE Runtime Environment (8.0_251-b08) (build 1.8.0_251-b08)
# Java VM: Java HotSpot(TM) 64-Bit Server VM (25.251-b08 mixed mode windows-amd64 compressed oops)
Heap:
 PSYoungGen      total 69120K, used 57763K [0x00000000d5f00000, 0x00000000ddc00000, 0x0000000100000000)
  eden space 64000K, 82% used [0x00000000d5f00000,0x00000000d926c088,0x00000000d9d80000)
  from space 5120K, 99% used [0x00000000da500000,0x00000000da9fcd10,0x00000000daa00000)
  to   space 7680K, 0% used [0x00000000d9d80000,0x00000000d9d80000,0x00000000da500000)
 ParOldGen       total 51200K, used 5879K [0x0000000081c00000, 0x0000000084e00000, 0x00000000d5f00000)
  object space 51200K, 11% used [0x0000000081c00000,0x00000000821bdfa8,0x0000000084e00000)
 Metaspace       used 25904K, capacity 27396K, committed 27648K, reserved 1073152K
  class space    used 3448K, capacity 3750K, committed 3840K, reserved 1048576K
GC Heap History (10 events):
Event: 1.258 GC heap before
{Heap before GC invocations=3 (full 0):
 PSYoungGen      total 38400K, used 38388K [0x00000000d5f00000, 0x00000000d8980000, 0x0000000100000000)
  eden space 33280K, 100% used [0x00000000d5f00000,0x00000000d7f80000,0x00000000d7f80000)
  from space 5120K, 99% used [0x00000000d8480000,0x00000000d897d200,0x00000000d8980000)
  to   space 5120K, 0% used [0x00000000d7f80000,0x00000000d7f80000,0x00000000d8480000)
 ParOldGen       total 87552K, used 554K [0x0000000081c00000, 0x0000000087180000, 0x00000000d5f00000)
  object space 87552K, 0% used [0x0000000081c00000,0x0000000081c8aa28,0x0000000087180000)
 Metaspace       used 16517K, capacity 17634K, committed 17792K, reserved 1064960K
  class space    used 2137K, capacity 2356K, committed 2432K, reserved 1048576K
Event: 1.265 GC heap after
Heap after GC invocations=3 (full 0):
 PSYoungGen      total 38400K, used 5115K [0x00000000d5f00000, 0x00000000daa00000, 0x0000000100000000)
  eden space 33280K, 0% used [0x00000000d5f00000,0x00000000d5f00000,0x00000000d7f80000)
  from space 5120K, 99% used [0x00000000d7f80000,0x00000000d847ec98,0x00000000d8480000)
  to   space 5120K, 0% used [0x00000000da500000,0x00000000da500000,0x00000000daa00000)
 ParOldGen       total 87552K, used 1900K [0x0000000081c00000, 0x0000000087180000, 0x00000000d5f00000)
  object space 87552K, 2% used [0x0000000081c00000,0x0000000081ddb358,0x0000000087180000)
 Metaspace       used 16517K, capacity 17634K, committed 17792K, reserved 1064960K
  class space    used 2137K, capacity 2356K, committed 2432K, reserved 1048576K
}
Event: 1.415 GC heap before
{Heap before GC invocations=4 (full 0):
 PSYoungGen      total 38400K, used 38395K [0x00000000d5f00000, 0x00000000daa00000, 0x0000000100000000)
  eden space 33280K, 100% used [0x00000000d5f00000,0x00000000d7f80000,0x00000000d7f80000)
  from space 5120K, 99% used [0x00000000d7f80000,0x00000000d847ec98,0x00000000d8480000)
  to   space 5120K, 0% used [0x00000000da500000,0x00000000da500000,0x00000000daa00000)
 ParOldGen       total 87552K, used 1900K [0x0000000081c00000, 0x0000000087180000, 0x00000000d5f00000)
  object space 87552K, 2% used [0x0000000081c00000,0x0000000081ddb358,0x0000000087180000)
 Metaspace       used 19095K, capacity 20378K, committed 20608K, reserved 1067008K
  class space    used 2602K, capacity 2871K, committed 2944K, reserved 1048576K
Event: 1.421 GC heap after
Heap after GC invocations=4 (full 0):
 PSYoungGen      total 71680K, used 5114K [0x00000000d5f00000, 0x00000000daa00000, 0x0000000100000000)
  eden space 66560K, 0% used [0x00000000d5f00000,0x00000000d5f00000,0x00000000da000000)
  from space 5120K, 99% used [0x00000000da500000,0x00000000da9fe8f8,0x00000000daa00000)
  to   space 5120K, 0% used [0x00000000da000000,0x00000000da000000,0x00000000da500000)
 ParOldGen       total 87552K, used 3915K [0x0000000081c00000, 0x0000000087180000, 0x00000000d5f00000)
  object space 87552K, 4% used [0x0000000081c00000,0x0000000081fd2e68,0x0000000087180000)
 Metaspace       used 19095K, capacity 20378K, committed 20608K, reserved 1067008K
  class space    used 2602K, capacity 2871K, committed 2944K, reserved 1048576K
}
Event: 1.463 GC heap before
{Heap before GC invocations=5 (full 0):
 PSYoungGen      total 71680K, used 16074K [0x00000000d5f00000, 0x00000000daa00000, 0x0000000100000000)
  eden space 66560K, 16% used [0x00000000d5f00000,0x00000000d69b3fb0,0x00000000da000000)
  from space 5120K, 99% used [0x00000000da500000,0x00000000da9fe8f8,0x00000000daa00000)
  to   space 5120K, 0% used [0x00000000da000000,0x00000000da000000,0x00000000da500000)
 ParOldGen       total 87552K, used 3915K [0x0000000081c00000, 0x0000000087180000, 0x00000000d5f00000)
  object space 87552K, 4% used [0x0000000081c00000,0x0000000081fd2e68,0x0000000087180000)
 Metaspace       used 19860K, capacity 21128K, committed 21248K, reserved 1067008K
  class space    used 2715K, capacity 2984K, committed 3072K, reserved 1048576K
Event: 1.468 GC heap after
Heap after GC invocations=5 (full 0):
 PSYoungGen      total 71680K, used 5092K [0x00000000d5f00000, 0x00000000daa00000, 0x0000000100000000)
  eden space 66560K, 0% used [0x00000000d5f00000,0x00000000d5f00000,0x00000000da000000)
  from space 5120K, 99% used [0x00000000da000000,0x00000000da4f93f8,0x00000000da500000)
  to   space 5120K, 0% used [0x00000000da500000,0x00000000da500000,0x00000000daa00000)
 ParOldGen       total 87552K, used 4692K [0x0000000081c00000, 0x0000000087180000, 0x00000000d5f00000)
  object space 87552K, 5% used [0x0000000081c00000,0x00000000820953d8,0x0000000087180000)
 Metaspace       used 19860K, capacity 21128K, committed 21248K, reserved 1067008K
  class space    used 2715K, capacity 2984K, committed 3072K, reserved 1048576K
}
Event: 1.468 GC heap before
{Heap before GC invocations=6 (full 1):
 PSYoungGen      total 71680K, used 5092K [0x00000000d5f00000, 0x00000000daa00000, 0x0000000100000000)
  eden space 66560K, 0% used [0x00000000d5f00000,0x00000000d5f00000,0x00000000da000000)
  from space 5120K, 99% used [0x00000000da000000,0x00000000da4f93f8,0x00000000da500000)
  to   space 5120K, 0% used [0x00000000da500000,0x00000000da500000,0x00000000daa00000)
 ParOldGen       total 87552K, used 4692K [0x0000000081c00000, 0x0000000087180000, 0x00000000d5f00000)
  object space 87552K, 5% used [0x0000000081c00000,0x00000000820953d8,0x0000000087180000)
 Metaspace       used 19860K, capacity 21128K, committed 21248K, reserved 1067008K
  class space    used 2715K, capacity 2984K, committed 3072K, reserved 1048576K
Event: 1.491 GC heap after
Heap after GC invocations=6 (full 1):
 PSYoungGen      total 71680K, used 0K [0x00000000d5f00000, 0x00000000daa00000, 0x0000000100000000)
  eden space 66560K, 0% used [0x00000000d5f00000,0x00000000d5f00000,0x00000000da000000)
  from space 5120K, 0% used [0x00000000da000000,0x00000000da000000,0x00000000da500000)
  to   space 5120K, 0% used [0x00000000da500000,0x00000000da500000,0x00000000daa00000)
 ParOldGen       total 51200K, used 5683K [0x0000000081c00000, 0x0000000084e00000, 0x00000000d5f00000)
  object space 51200K, 11% used [0x0000000081c00000,0x000000008218cce0,0x0000000084e00000)
 Metaspace       used 19860K, capacity 21128K, committed 21248K, reserved 1067008K
  class space    used 2715K, capacity 2984K, committed 3072K, reserved 1048576K
}
Event: 1.698 GC heap before
{Heap before GC invocations=7 (full 1):
 PSYoungGen      total 71680K, used 66514K [0x00000000d5f00000, 0x00000000daa00000, 0x0000000100000000)
  eden space 66560K, 99% used [0x00000000d5f00000,0x00000000d9ff4940,0x00000000da000000)
  from space 5120K, 0% used [0x00000000da000000,0x00000000da000000,0x00000000da500000)
  to   space 5120K, 0% used [0x00000000da500000,0x00000000da500000,0x00000000daa00000)
 ParOldGen       total 51200K, used 5683K [0x0000000081c00000, 0x0000000084e00000, 0x00000000d5f00000)
  object space 51200K, 11% used [0x0000000081c00000,0x000000008218cce0,0x0000000084e00000)
 Metaspace       used 23878K, capacity 25266K, committed 25600K, reserved 1071104K
  class space    used 3161K, capacity 3461K, committed 3584K, reserved 1048576K
Event: 1.702 GC heap after
Heap after GC invocations=7 (full 1):
 PSYoungGen      total 69120K, used 5107K [0x00000000d5f00000, 0x00000000ddc00000, 0x0000000100000000)
  eden space 64000K, 0% used [0x00000000d5f00000,0x00000000d5f00000,0x00000000d9d80000)
  from space 5120K, 99% used [0x00000000da500000,0x00000000da9fcd10,0x00000000daa00000)
  to   space 7680K, 0% used [0x00000000d9d80000,0x00000000d9d80000,0x00000000da500000)
 ParOldGen       total 51200K, used 5879K [0x0000000081c00000, 0x0000000084e00000, 0x00000000d5f00000)
  object space 51200K, 11% used [0x0000000081c00000,0x00000000821bdfa8,0x0000000084e00000)
 Metaspace       used 23878K, capacity 25266K, committed 25600K, reserved 1071104K
  class space    used 3161K, capacity 3461K, committed 3584K, reserved 1048576K
}

