# JRE version: Java(TM) SE Runtime Environment (8.0_251-b08) (build 1.8.0_251-b08)
# Java VM: Java HotSpot(TM) 64-Bit Server VM (25.251-b08 mixed mode windows-amd64 compressed oops)
Heap:
 PSYoungGen      total 215040K, used 20837K [0x00000000d5f00000, 0x00000000e5b80000, 0x0000000100000000)
  eden space 203776K, 10% used [0x00000000d5f00000,0x00000000d7359450,0x00000000e2600000)
  from space 11264K, 0% used [0x00000000e2600000,0x00000000e2600000,0x00000000e3100000)
  to   space 11776K, 0% used [0x00000000e3100000,0x00000000e3100000,0x00000000e3c80000)
 ParOldGen       total 66560K, used 20880K [0x0000000081c00000, 0x0000000085d00000, 0x00000000d5f00000)
  object space 66560K, 31% used [0x0000000081c00000,0x00000000830641a8,0x0000000085d00000)
 Metaspace       used 44039K, capacity 45970K, committed 46336K, reserved 1089536K
  class space    used 6247K, capacity 6633K, committed 6656K, reserved 1048576K
GC Heap History (10 events):
Event: 3.282 GC heap before
{Heap before GC invocations=8 (full 1):
 PSYoungGen      total 124928K, used 124903K [0x00000000d5f00000, 0x00000000df000000, 0x0000000100000000)
  eden space 117760K, 100% used [0x00000000d5f00000,0x00000000dd200000,0x00000000dd200000)
  from space 7168K, 99% used [0x00000000de900000,0x00000000deff9ca8,0x00000000df000000)
  to   space 8704K, 0% used [0x00000000ddf00000,0x00000000ddf00000,0x00000000de780000)
 ParOldGen       total 48640K, used 5705K [0x0000000081c00000, 0x0000000084b80000, 0x00000000d5f00000)
  object space 48640K, 11% used [0x0000000081c00000,0x00000000821925f0,0x0000000084b80000)
 Metaspace       used 33214K, capacity 34966K, committed 35072K, reserved 1079296K
  class space    used 4705K, capacity 5053K, committed 5120K, reserved 1048576K
Event: 3.292 GC heap after
Heap after GC invocations=8 (full 1):
 PSYoungGen      total 139776K, used 8697K [0x00000000d5f00000, 0x00000000e3c80000, 0x0000000100000000)
  eden space 131072K, 0% used [0x00000000d5f00000,0x00000000d5f00000,0x00000000ddf00000)
  from space 8704K, 99% used [0x00000000ddf00000,0x00000000de77e580,0x00000000de780000)
  to   space 11776K, 0% used [0x00000000e3100000,0x00000000e3100000,0x00000000e3c80000)
 ParOldGen       total 48640K, used 10412K [0x0000000081c00000, 0x0000000084b80000, 0x00000000d5f00000)
  object space 48640K, 21% used [0x0000000081c00000,0x000000008262b228,0x0000000084b80000)
 Metaspace       used 33214K, capacity 34966K, committed 35072K, reserved 1079296K
  class space    used 4705K, capacity 5053K, committed 5120K, reserved 1048576K
}
Event: 3.340 GC heap before
{Heap before GC invocations=9 (full 1):
 PSYoungGen      total 139776K, used 15735K [0x00000000d5f00000, 0x00000000e3c80000, 0x0000000100000000)
  eden space 131072K, 5% used [0x00000000d5f00000,0x00000000d65df980,0x00000000ddf00000)
  from space 8704K, 99% used [0x00000000ddf00000,0x00000000de77e580,0x00000000de780000)
  to   space 11776K, 0% used [0x00000000e3100000,0x00000000e3100000,0x00000000e3c80000)
 ParOldGen       total 48640K, used 10412K [0x0000000081c00000, 0x0000000084b80000, 0x00000000d5f00000)
  object space 48640K, 21% used [0x0000000081c00000,0x000000008262b228,0x0000000084b80000)
 Metaspace       used 33754K, capacity 35492K, committed 35496K, reserved 1079296K
  class space    used 4781K, capacity 5120K, committed 5120K, reserved 1048576K
Event: 3.347 GC heap after
Heap after GC invocations=9 (full 1):
 PSYoungGen      total 215552K, used 7018K [0x00000000d5f00000, 0x00000000e5b80000, 0x0000000100000000)
  eden space 203776K, 0% used [0x00000000d5f00000,0x00000000d5f00000,0x00000000e2600000)
  from space 11776K, 59% used [0x00000000e3100000,0x00000000e37dabe0,0x00000000e3c80000)
  to   space 11264K, 0% used [0x00000000e2600000,0x00000000e2600000,0x00000000e3100000)
 ParOldGen       total 48640K, used 10420K [0x0000000081c00000, 0x0000000084b80000, 0x00000000d5f00000)
  object space 48640K, 21% used [0x0000000081c00000,0x000000008262d228,0x0000000084b80000)
 Metaspace       used 33754K, capacity 35492K, committed 35496K, reserved 1079296K
  class space    used 4781K, capacity 5120K, committed 5120K, reserved 1048576K
}
Event: 3.347 GC heap before
{Heap before GC invocations=10 (full 2):
 PSYoungGen      total 215552K, used 7018K [0x00000000d5f00000, 0x00000000e5b80000, 0x0000000100000000)
  eden space 203776K, 0% used [0x00000000d5f00000,0x00000000d5f00000,0x00000000e2600000)
  from space 11776K, 59% used [0x00000000e3100000,0x00000000e37dabe0,0x00000000e3c80000)
  to   space 11264K, 0% used [0x00000000e2600000,0x00000000e2600000,0x00000000e3100000)
 ParOldGen       total 48640K, used 10420K [0x0000000081c00000, 0x0000000084b80000, 0x00000000d5f00000)
  object space 48640K, 21% used [0x0000000081c00000,0x000000008262d228,0x0000000084b80000)
 Metaspace       used 33754K, capacity 35492K, committed 35496K, reserved 1079296K
  class space    used 4781K, capacity 5120K, committed 5120K, reserved 1048576K
Event: 3.380 GC heap after
Heap after GC invocations=10 (full 2):
 PSYoungGen      total 215552K, used 0K [0x00000000d5f00000, 0x00000000e5b80000, 0x0000000100000000)
  eden space 203776K, 0% used [0x00000000d5f00000,0x00000000d5f00000,0x00000000e2600000)
  from space 11776K, 0% used [0x00000000e3100000,0x00000000e3100000,0x00000000e3c80000)
  to   space 11264K, 0% used [0x00000000e2600000,0x00000000e2600000,0x00000000e3100000)
 ParOldGen       total 66560K, used 12468K [0x0000000081c00000, 0x0000000085d00000, 0x00000000d5f00000)
  object space 66560K, 18% used [0x0000000081c00000,0x000000008282d110,0x0000000085d00000)
 Metaspace       used 33754K, capacity 35492K, committed 35496K, reserved 1079296K
  class space    used 4781K, capacity 5120K, committed 5120K, reserved 1048576K
}
Event: 4.129 GC heap before
{Heap before GC invocations=11 (full 2):
 PSYoungGen      total 215552K, used 73372K [0x00000000d5f00000, 0x00000000e5b80000, 0x0000000100000000)
  eden space 203776K, 36% used [0x00000000d5f00000,0x00000000da6a7270,0x00000000e2600000)
  from space 11776K, 0% used [0x00000000e3100000,0x00000000e3100000,0x00000000e3c80000)
  to   space 11264K, 0% used [0x00000000e2600000,0x00000000e2600000,0x00000000e3100000)
 ParOldGen       total 66560K, used 12468K [0x0000000081c00000, 0x0000000085d00000, 0x00000000d5f00000)
  object space 66560K, 18% used [0x0000000081c00000,0x000000008282d110,0x0000000085d00000)
 Metaspace       used 41936K, capacity 43772K, committed 44032K, reserved 1091584K
  class space    used 5930K, capacity 6292K, committed 6400K, reserved 1048576K
Event: 4.136 GC heap after
Heap after GC invocations=11 (full 2):
 PSYoungGen      total 215040K, used 10359K [0x00000000d5f00000, 0x00000000e5b80000, 0x0000000100000000)
  eden space 203776K, 0% used [0x00000000d5f00000,0x00000000d5f00000,0x00000000e2600000)
  from space 11264K, 91% used [0x00000000e2600000,0x00000000e301df50,0x00000000e3100000)
  to   space 11776K, 0% used [0x00000000e3100000,0x00000000e3100000,0x00000000e3c80000)
 ParOldGen       total 66560K, used 12476K [0x0000000081c00000, 0x0000000085d00000, 0x00000000d5f00000)
  object space 66560K, 18% used [0x0000000081c00000,0x000000008282f110,0x0000000085d00000)
 Metaspace       used 41936K, capacity 43772K, committed 44032K, reserved 1091584K
  class space    used 5930K, capacity 6292K, committed 6400K, reserved 1048576K
}
Event: 4.136 GC heap before
{Heap before GC invocations=12 (full 3):
 PSYoungGen      total 215040K, used 10359K [0x00000000d5f00000, 0x00000000e5b80000, 0x0000000100000000)
  eden space 203776K, 0% used [0x00000000d5f00000,0x00000000d5f00000,0x00000000e2600000)
  from space 11264K, 91% used [0x00000000e2600000,0x00000000e301df50,0x00000000e3100000)
  to   space 11776K, 0% used [0x00000000e3100000,0x00000000e3100000,0x00000000e3c80000)
 ParOldGen       total 66560K, used 12476K [0x0000000081c00000, 0x0000000085d00000, 0x00000000d5f00000)
  object space 66560K, 18% used [0x0000000081c00000,0x000000008282f110,0x0000000085d00000)
 Metaspace       used 41936K, capacity 43772K, committed 44032K, reserved 1091584K
  class space    used 5930K, capacity 6292K, committed 6400K, reserved 1048576K
Event: 4.232 GC heap after
Heap after GC invocations=12 (full 3):
 PSYoungGen      total 215040K, used 0K [0x00000000d5f00000, 0x00000000e5b80000, 0x0000000100000000)
  eden space 203776K, 0% used [0x00000000d5f00000,0x00000000d5f00000,0x00000000e2600000)
  from space 11264K, 0% used [0x00000000e2600000,0x00000000e2600000,0x00000000e3100000)
  to   space 11776K, 0% used [0x00000000e3100000,0x00000000e3100000,0x00000000e3c80000)
 ParOldGen       total 66560K, used 20880K [0x0000000081c00000, 0x0000000085d00000, 0x00000000d5f00000)
  object space 66560K, 31% used [0x0000000081c00000,0x00000000830641a8,0x0000000085d00000)
 Metaspace       used 41936K, capacity 43772K, committed 44032K, reserved 1089536K
  class space    used 5930K, capacity 6292K, committed 6400K, reserved 1048576K
}

